Performing C SOURCE FILE Test CMAKE_HAVE_LIBC_PTHREAD failed with the following output:
Change Dir: /media/sd/objectDetection/onnxruntime_jetson_single_object/build/CMakeFiles/CMakeTmp

Run Build Command(s):/usr/bin/make -f Makefile cmTC_e79aa/fast && /usr/bin/make  -f CMakeFiles/cmTC_e79aa.dir/build.make CMakeFiles/cmTC_e79aa.dir/build
make[1]: Entering directory '/media/sd/objectDetection/onnxruntime_jetson_single_object/build/CMakeFiles/CMakeTmp'
Building C object CMakeFiles/cmTC_e79aa.dir/src.c.o
/usr/bin/cc -DCMAKE_HAVE_LIBC_PTHREAD   -o CMakeFiles/cmTC_e79aa.dir/src.c.o -c /media/sd/objectDetection/onnxruntime_jetson_single_object/build/CMakeFiles/CMakeTmp/src.c
Linking C executable cmTC_e79aa
/media/sd/objectDetection/cmake-3.24.0-linux-aarch64/bin/cmake -E cmake_link_script CMakeFiles/cmTC_e79aa.dir/link.txt --verbose=1
/usr/bin/cc -rdynamic CMakeFiles/cmTC_e79aa.dir/src.c.o -o cmTC_e79aa 
CMakeFiles/cmTC_e79aa.dir/src.c.o: In function `main':
src.c:(.text+0x48): undefined reference to `pthread_create'
src.c:(.text+0x50): undefined reference to `pthread_detach'
src.c:(.text+0x58): undefined reference to `pthread_cancel'
src.c:(.text+0x64): undefined reference to `pthread_join'
src.c:(.text+0x74): undefined reference to `pthread_atfork'
collect2: error: ld returned 1 exit status
CMakeFiles/cmTC_e79aa.dir/build.make:98: recipe for target 'cmTC_e79aa' failed
make[1]: *** [cmTC_e79aa] Error 1
make[1]: Leaving directory '/media/sd/objectDetection/onnxruntime_jetson_single_object/build/CMakeFiles/CMakeTmp'
Makefile:127: recipe for target 'cmTC_e79aa/fast' failed
make: *** [cmTC_e79aa/fast] Error 2


Source file was:
#include <pthread.h>

static void* test_func(void* data)
{
  return data;
}

int main(void)
{
  pthread_t thread;
  pthread_create(&thread, NULL, test_func, NULL);
  pthread_detach(thread);
  pthread_cancel(thread);
  pthread_join(thread, NULL);
  pthread_atfork(NULL, NULL, NULL);
  pthread_exit(NULL);

  return 0;
}

Determining if the function pthread_create exists in the pthreads failed with the following output:
Change Dir: /media/sd/objectDetection/onnxruntime_jetson_single_object/build/CMakeFiles/CMakeTmp

Run Build Command(s):/usr/bin/make -f Makefile cmTC_54f12/fast && /usr/bin/make  -f CMakeFiles/cmTC_54f12.dir/build.make CMakeFiles/cmTC_54f12.dir/build
make[1]: Entering directory '/media/sd/objectDetection/onnxruntime_jetson_single_object/build/CMakeFiles/CMakeTmp'
Building C object CMakeFiles/cmTC_54f12.dir/CheckFunctionExists.c.o
/usr/bin/cc   -DCHECK_FUNCTION_EXISTS=pthread_create -o CMakeFiles/cmTC_54f12.dir/CheckFunctionExists.c.o -c /media/sd/objectDetection/cmake-3.24.0-linux-aarch64/share/cmake-3.24/Modules/CheckFunctionExists.c
Linking C executable cmTC_54f12
/media/sd/objectDetection/cmake-3.24.0-linux-aarch64/bin/cmake -E cmake_link_script CMakeFiles/cmTC_54f12.dir/link.txt --verbose=1
/usr/bin/cc  -DCHECK_FUNCTION_EXISTS=pthread_create -rdynamic CMakeFiles/cmTC_54f12.dir/CheckFunctionExists.c.o -o cmTC_54f12  -lpthreads 
/usr/bin/ld: cannot find -lpthreads
collect2: error: ld returned 1 exit status
CMakeFiles/cmTC_54f12.dir/build.make:98: recipe for target 'cmTC_54f12' failed
make[1]: *** [cmTC_54f12] Error 1
make[1]: Leaving directory '/media/sd/objectDetection/onnxruntime_jetson_single_object/build/CMakeFiles/CMakeTmp'
Makefile:127: recipe for target 'cmTC_54f12/fast' failed
make: *** [cmTC_54f12/fast] Error 2



